\BOOKMARK [1][-]{section.1}{Introduction}{}% 1
\BOOKMARK [1][-]{section.2}{The 8-bit family of tinyAVR Microcontrollers}{}% 2
\BOOKMARK [1][-]{section.3}{High-speed implementation}{}% 3
\BOOKMARK [2][-]{subsection.3.1}{PRESENT S-Box \046 Player implementation}{section.3}% 4
\BOOKMARK [3][-]{subsubsection.3.1.1}{Original S-Box}{subsection.3.1}% 5
\BOOKMARK [3][-]{subsubsection.3.1.2}{Squared S-Box}{subsection.3.1}% 6
\BOOKMARK [3][-]{subsubsection.3.1.3}{Merged SP lookup table}{subsection.3.1}% 7
\BOOKMARK [3][-]{subsubsection.3.1.4}{Memory optimizations for lookup tables}{subsection.3.1}% 8
\BOOKMARK [2][-]{subsection.3.2}{Key update implementation}{section.3}% 9
\BOOKMARK [3][-]{subsubsection.3.2.1}{Key rotation}{subsection.3.2}% 10
\BOOKMARK [3][-]{subsubsection.3.2.2}{Key substitution}{subsection.3.2}% 11
\BOOKMARK [3][-]{subsubsection.3.2.3}{Key exclusive OR operation}{subsection.3.2}% 12
\BOOKMARK [1][-]{section.4}{Size optimizations}{}% 13
\BOOKMARK [2][-]{subsection.4.1}{Serialization}{section.4}% 14
\BOOKMARK [2][-]{subsection.4.2}{S-box packing}{section.4}% 15
\BOOKMARK [2][-]{subsection.4.3}{Permutation layer}{section.4}% 16
\BOOKMARK [2][-]{subsection.4.4}{Branching on SREG flags}{section.4}% 17
\BOOKMARK [2][-]{subsection.4.5}{Keying and key scheduling}{section.4}% 18
\BOOKMARK [2][-]{subsection.4.6}{Reducing code size for specific applications}{section.4}% 19
\BOOKMARK [1][-]{section.5}{Conclusion}{}% 20
